<?xml version="1.0" encoding="utf-8"?><testsuites name="pytest tests"><testsuite name="pytest" errors="0" failures="0" skipped="0" tests="20" time="12.781" timestamp="2026-08-27T16:57:33.160002+00:00" hostname="agent-env-0f9f94cf-92ef-4238-a84e-16efa5d4cb35"><testcase classname="tests.test_ai_endpoints.TestAIQuip" name="test_commentator_strike" time="1.513" /><testcase classname="tests.test_super_strike_api.TestRooms" name="test_full_room_flow" time="1.662" /><testcase classname="tests.test_ai_endpoints.TestAIQuip" name="test_cpu_gutter" time="1.186" /><testcase classname="tests.test_super_strike_api.TestRooms" name="test_room_tie" time="4.751" /><testcase classname="tests.test_ai_endpoints.TestAIQuip" name="test_cpu_rivalry_strike" time="1.358" /><testcase classname="tests.test_ai_endpoints.TestAIQuip" name="test_commentator_spare" time="2.652" /><testcase classname="tests.test_super_strike_api.TestRooms" name="test_join_nonexistent_room_404" time="0.365" /><testcase classname="tests.test_super_strike_api.TestPlayers" name="test_create_player" time="0.149" /><testcase classname="tests.test_super_strike_api.TestRooms" name="test_get_nonexistent_room_404" time="0.262" /><testcase classname="tests.test_super_strike_api.TestPlayers" name="test_create_player_empty_name_defaults_to_bowler" time="0.206" /><testcase classname="tests.test_super_strike_api.TestRooms" name="test_full_room_third_player_400" time="0.722" /><testcase classname="tests.test_super_strike_api.TestPlayers" name="test_new_player_stats_default" time="0.348" /><testcase classname="tests.test_ai_endpoints.TestAICoach" name="test_coach_tip_solo" time="1.850" /><testcase classname="tests.test_super_strike_api.TestRooms" name="test_rejoin_existing_player_is_idempotent" time="0.397" /><testcase classname="tests.test_ai_endpoints.TestAIChat" name="test_chat_send_and_history_order" time="3.922" /><testcase classname="tests.test_ai_endpoints.TestAICoach" name="test_coach_tip_cpu_result" time="1.248" /><testcase classname="tests.test_super_strike_api.TestScoresLeaderboard" name="test_submit_score_and_leaderboard" time="0.443" /><testcase classname="tests.test_super_strike_api.TestScoresLeaderboard" name="test_player_stats_after_scores" time="0.540" /><testcase classname="tests.test_ai_endpoints.TestAIChat" name="test_chat_empty_history_for_new_session" time="0.211" /><testcase classname="tests.test_super_strike_api.TestHealth" name="test_root" time="0.158" /></testsuite></testsuites>