<?xml version="1.0" encoding="utf-8"?><testsuites name="pytest tests"><testsuite name="pytest" errors="0" failures="0" skipped="0" tests="19" time="13.144" timestamp="2026-08-27T16:25:06.408164+00:00" hostname="agent-env-0f9f94cf-92ef-4238-a84e-16efa5d4cb35"><testcase classname="tests.test_ai_endpoints.TestAIQuip" name="test_commentator_strike" time="3.586" /><testcase classname="tests.test_super_strike_api.TestRooms" name="test_full_room_flow" time="1.341" /><testcase classname="tests.test_super_strike_api.TestRooms" name="test_room_tie" time="0.690" /><testcase classname="tests.test_super_strike_api.TestRooms" name="test_join_nonexistent_room_404" time="0.269" /><testcase classname="tests.test_super_strike_api.TestRooms" name="test_get_nonexistent_room_404" time="0.174" /><testcase classname="tests.test_super_strike_api.TestRooms" name="test_full_room_third_player_400" time="0.786" /><testcase classname="tests.test_super_strike_api.TestRooms" name="test_rejoin_existing_player_is_idempotent" time="0.564" /><testcase classname="tests.test_ai_endpoints.TestAIQuip" name="test_cpu_gutter" time="1.361" /><testcase classname="tests.test_super_strike_api.TestPlayers" name="test_create_player" time="0.265" /><testcase classname="tests.test_super_strike_api.TestPlayers" name="test_create_player_empty_name_defaults_to_bowler" time="0.286" /><testcase classname="tests.test_super_strike_api.TestPlayers" name="test_new_player_stats_default" time="0.249" /><testcase classname="tests.test_ai_endpoints.TestAIChat" name="test_chat_send_and_history_order" time="5.386" /><testcase classname="tests.test_ai_endpoints.TestAIQuip" name="test_commentator_spare" time="1.781" /><testcase classname="tests.test_ai_endpoints.TestAICoach" name="test_coach_tip_solo" time="3.979" /><testcase classname="tests.test_ai_endpoints.TestAIChat" name="test_chat_empty_history_for_new_session" time="0.161" /><testcase classname="tests.test_super_strike_api.TestScoresLeaderboard" name="test_submit_score_and_leaderboard" time="0.392" /><testcase classname="tests.test_super_strike_api.TestScoresLeaderboard" name="test_player_stats_after_scores" time="0.532" /><testcase classname="tests.test_ai_endpoints.TestAICoach" name="test_coach_tip_cpu_result" time="1.777" /><testcase classname="tests.test_super_strike_api.TestHealth" name="test_root" time="0.319" /></testsuite></testsuites>